producer_class	xtools.gsea.GseaPreranked
producer_timestamp	1585669102086
param	rpt_label	my_analysis
param	rnd_seed	timestamp
param	set_min	15
param	zip_report	false
param	create_svgs	false
param	scoring_scheme	weighted
param	rnk	E:\420\A123\data\carrankstim.rnk
param	norm	meandiv
param	out	C:\Users\pengg\gsea_home\output\mar31
param	mode	Max_probe
param	include_only_symbols	true
param	help	false
param	set_max	200
param	gmx	E:\420\A123\data\Human_GOBP_AllPathways_no_GO_iea_March_01_2020_symbol.gmt
param	make_sets	true
param	plot_top_x	20
param	gui	false
param	nperm	1000
param	collapse	No_Collapse

file	C:\Users\pengg\gsea_home\output\mar31\my_analysis.GseaPreranked.1585669102086\index.html
